#
# Dependencies automatically generated by ../dev/makedeps.sh
#
add_site.o : add_site.c $(INCLDIR)/elm_defs.h ../config.h \
	$(INCLDIR)/elm_lib.h $(INCLDIR)/mcprt.h $(INCLDIR)/nl_types.h \
	$(INCLDIR)/parseaddrs.h ../sysdefs.h
addrmchusr.o : addrmchusr.c $(INCLDIR)/elm_defs.h ../config.h \
	$(INCLDIR)/elm_lib.h $(INCLDIR)/mcprt.h $(INCLDIR)/nl_types.h \
	$(INCLDIR)/parseaddrs.h ../sysdefs.h
atonum.o : atonum.c $(INCLDIR)/elm_defs.h ../config.h $(INCLDIR)/elm_lib.h \
	$(INCLDIR)/mcprt.h $(INCLDIR)/nl_types.h $(INCLDIR)/parseaddrs.h \
	../sysdefs.h
aliasdb.o : aliasdb.c $(INCLDIR)/elm_defs.h $(INCLDIR)/ndbz.h ../config.h \
	$(INCLDIR)/elm_lib.h $(INCLDIR)/mcprt.h $(INCLDIR)/nl_types.h \
	$(INCLDIR)/parseaddrs.h ../sysdefs.h
mk_lockname.o : mk_lockname.c $(INCLDIR)/elm_defs.h ../config.h \
	$(INCLDIR)/elm_lib.h $(INCLDIR)/mcprt.h $(INCLDIR)/nl_types.h \
	$(INCLDIR)/parseaddrs.h ../sysdefs.h
basename.o : basename.c $(INCLDIR)/elm_defs.h ../config.h \
	$(INCLDIR)/elm_lib.h $(INCLDIR)/mcprt.h $(INCLDIR)/nl_types.h \
	$(INCLDIR)/parseaddrs.h ../sysdefs.h
can_access.o : can_access.c $(INCLDIR)/elm_defs.h $(INCLDIR)/port_stat.h \
	$(INCLDIR)/port_wait.h ../config.h $(INCLDIR)/elm_lib.h \
	$(INCLDIR)/mcprt.h $(INCLDIR)/nl_types.h $(INCLDIR)/parseaddrs.h \
	../sysdefs.h
can_open.o : can_open.c $(INCLDIR)/elm_defs.h $(INCLDIR)/port_stat.h \
	$(INCLDIR)/port_wait.h ../config.h $(INCLDIR)/elm_lib.h \
	$(INCLDIR)/mcprt.h $(INCLDIR)/nl_types.h $(INCLDIR)/parseaddrs.h \
	../sysdefs.h
chloc.o : chloc.c $(INCLDIR)/elm_defs.h ../config.h $(INCLDIR)/elm_lib.h \
	$(INCLDIR)/mcprt.h $(INCLDIR)/nl_types.h $(INCLDIR)/parseaddrs.h \
	../sysdefs.h
date_util.o : date_util.c $(INCLDIR)/elm_defs.h ../config.h \
	$(INCLDIR)/elm_lib.h $(INCLDIR)/mcprt.h $(INCLDIR)/nl_types.h \
	$(INCLDIR)/parseaddrs.h ../sysdefs.h
elm_access.o : elm_access.c $(INCLDIR)/elm_defs.h $(INCLDIR)/port_stat.h \
	../config.h $(INCLDIR)/elm_lib.h $(INCLDIR)/mcprt.h \
	$(INCLDIR)/nl_types.h $(INCLDIR)/parseaddrs.h ../sysdefs.h
errno.o : errno.c $(INCLDIR)/elm_defs.h ../config.h $(INCLDIR)/elm_lib.h \
	$(INCLDIR)/mcprt.h $(INCLDIR)/nl_types.h $(INCLDIR)/parseaddrs.h \
	../sysdefs.h
expand.o : expand.c $(INCLDIR)/elm_defs.h $(INCLDIR)/s_elmrc.h ../config.h \
	$(INCLDIR)/elm_lib.h $(INCLDIR)/mcprt.h $(INCLDIR)/nl_types.h \
	$(INCLDIR)/parseaddrs.h ../sysdefs.h
fast_getpw.o : fast_getpw.c $(INCLDIR)/elm_defs.h ../config.h \
	$(INCLDIR)/elm_lib.h $(INCLDIR)/mcprt.h $(INCLDIR)/nl_types.h \
	$(INCLDIR)/parseaddrs.h ../sysdefs.h
figadrssee.o : figadrssee.c $(INCLDIR)/elm_defs.h ../config.h \
	$(INCLDIR)/elm_lib.h $(INCLDIR)/mcprt.h $(INCLDIR)/nl_types.h \
	$(INCLDIR)/parseaddrs.h ../sysdefs.h
gcos_name.o : gcos_name.c $(INCLDIR)/elm_defs.h ../config.h \
	$(INCLDIR)/elm_lib.h $(INCLDIR)/mcprt.h $(INCLDIR)/nl_types.h \
	$(INCLDIR)/parseaddrs.h ../sysdefs.h
getarpdate.o : getarpdate.c $(INCLDIR)/elm_defs.h ../config.h \
	$(INCLDIR)/elm_lib.h $(INCLDIR)/mcprt.h $(INCLDIR)/nl_types.h \
	$(INCLDIR)/parseaddrs.h ../sysdefs.h
getfullnam.o : getfullnam.c $(INCLDIR)/elm_defs.h ../config.h \
	$(INCLDIR)/elm_lib.h $(INCLDIR)/mcprt.h $(INCLDIR)/nl_types.h \
	$(INCLDIR)/parseaddrs.h ../sysdefs.h
gethostname.o : gethostname.c $(INCLDIR)/elm_defs.h ../config.h \
	$(INCLDIR)/elm_lib.h $(INCLDIR)/mcprt.h $(INCLDIR)/nl_types.h \
	$(INCLDIR)/parseaddrs.h ../sysdefs.h
getword.o : getword.c $(INCLDIR)/elm_defs.h ../config.h $(INCLDIR)/elm_lib.h \
	$(INCLDIR)/mcprt.h $(INCLDIR)/nl_types.h $(INCLDIR)/parseaddrs.h \
	../sysdefs.h
get_tz.o : get_tz.c $(INCLDIR)/elm_defs.h ../config.h $(INCLDIR)/elm_lib.h \
	$(INCLDIR)/mcprt.h $(INCLDIR)/nl_types.h $(INCLDIR)/parseaddrs.h \
	../sysdefs.h
header_cmp.o : header_cmp.c $(INCLDIR)/elm_defs.h ../config.h \
	$(INCLDIR)/elm_lib.h $(INCLDIR)/mcprt.h $(INCLDIR)/nl_types.h \
	$(INCLDIR)/parseaddrs.h ../sysdefs.h
in_list.o : in_list.c $(INCLDIR)/elm_defs.h ../config.h $(INCLDIR)/elm_lib.h \
	$(INCLDIR)/mcprt.h $(INCLDIR)/nl_types.h $(INCLDIR)/parseaddrs.h \
	../sysdefs.h
initcommon.o : initcommon.c $(INCLDIR)/elm_defs.h $(INCLDIR)/s_error.h \
	../config.h $(INCLDIR)/elm_lib.h $(INCLDIR)/mcprt.h \
	$(INCLDIR)/nl_types.h $(INCLDIR)/parseaddrs.h ../sysdefs.h
ldstate.o : ldstate.c $(INCLDIR)/elm_defs.h ../config.h $(INCLDIR)/elm_lib.h \
	$(INCLDIR)/mcprt.h $(INCLDIR)/nl_types.h $(INCLDIR)/parseaddrs.h \
	../sysdefs.h
len_next.o : len_next.c $(INCLDIR)/elm_defs.h ../config.h \
	$(INCLDIR)/elm_lib.h $(INCLDIR)/mcprt.h $(INCLDIR)/nl_types.h \
	$(INCLDIR)/parseaddrs.h ../sysdefs.h
mail_gets.o : mail_gets.c $(INCLDIR)/elm_defs.h ../config.h \
	$(INCLDIR)/elm_lib.h $(INCLDIR)/mcprt.h $(INCLDIR)/nl_types.h \
	$(INCLDIR)/parseaddrs.h ../sysdefs.h
mailfile.o : mailfile.c $(INCLDIR)/elm_defs.h $(INCLDIR)/mailfile.h \
	../config.h $(INCLDIR)/elm_lib.h $(INCLDIR)/mcprt.h \
	$(INCLDIR)/nl_types.h $(INCLDIR)/parseaddrs.h ../sysdefs.h
mcprt.o : mcprt.c $(INCLDIR)/elm_defs.h $(INCLDIR)/mcprtlib.h ../config.h \
	$(INCLDIR)/elm_lib.h $(INCLDIR)/mcprt.h $(INCLDIR)/nl_types.h \
	$(INCLDIR)/parseaddrs.h ../sysdefs.h
mcprtlib.o : mcprtlib.c $(INCLDIR)/elm_defs.h $(INCLDIR)/mcprtlib.h \
	../config.h $(INCLDIR)/elm_lib.h $(INCLDIR)/mcprt.h \
	$(INCLDIR)/nl_types.h $(INCLDIR)/parseaddrs.h ../sysdefs.h
msgcat.o : msgcat.c $(INCLDIR)/msgcat.h $(INCLDIR)/nl_types.h
mk_aliases.o : mk_aliases.c $(INCLDIR)/elm_defs.h $(INCLDIR)/ndbz.h \
	$(INCLDIR)/s_newalias.h ../config.h $(INCLDIR)/elm_lib.h \
	$(INCLDIR)/mcprt.h $(INCLDIR)/nl_types.h $(INCLDIR)/parseaddrs.h \
	../sysdefs.h
mlist.o : mlist.c $(INCLDIR)/elm_defs.h ../config.h $(INCLDIR)/elm_lib.h \
	$(INCLDIR)/mcprt.h $(INCLDIR)/nl_types.h $(INCLDIR)/parseaddrs.h \
	../sysdefs.h
move_left.o : move_left.c $(INCLDIR)/elm_defs.h ../config.h \
	$(INCLDIR)/elm_lib.h $(INCLDIR)/mcprt.h $(INCLDIR)/nl_types.h \
	$(INCLDIR)/parseaddrs.h ../sysdefs.h
ndbz.o : ndbz.c $(INCLDIR)/elm_defs.h $(INCLDIR)/ndbz.h ../config.h \
	$(INCLDIR)/elm_lib.h $(INCLDIR)/mcprt.h $(INCLDIR)/nl_types.h \
	$(INCLDIR)/parseaddrs.h ../sysdefs.h
okay_addr.o : okay_addr.c $(INCLDIR)/elm_defs.h ../config.h \
	$(INCLDIR)/elm_lib.h $(INCLDIR)/mcprt.h $(INCLDIR)/nl_types.h \
	$(INCLDIR)/parseaddrs.h ../sysdefs.h
opt_utils.o : opt_utils.c $(INCLDIR)/elm_defs.h $(INCLDIR)/s_error.h \
	../config.h $(INCLDIR)/elm_lib.h $(INCLDIR)/mcprt.h \
	$(INCLDIR)/nl_types.h $(INCLDIR)/parseaddrs.h ../sysdefs.h
parsarpdat.o : parsarpdat.c $(INCLDIR)/elm_defs.h ../config.h \
	$(INCLDIR)/elm_lib.h $(INCLDIR)/mcprt.h $(INCLDIR)/nl_types.h \
	$(INCLDIR)/parseaddrs.h ../sysdefs.h
parsarpmbox.o : parsarpmbox.c $(INCLDIR)/elm_defs.h ../config.h \
	$(INCLDIR)/elm_lib.h $(INCLDIR)/mcprt.h $(INCLDIR)/nl_types.h \
	$(INCLDIR)/parseaddrs.h ../sysdefs.h
parsarpwho.o : parsarpwho.c $(INCLDIR)/elm_defs.h ../config.h \
	$(INCLDIR)/elm_lib.h $(INCLDIR)/mcprt.h $(INCLDIR)/nl_types.h \
	$(INCLDIR)/parseaddrs.h ../sysdefs.h
patmatch.o : patmatch.c $(INCLDIR)/elm_defs.h ../config.h \
	$(INCLDIR)/elm_lib.h $(INCLDIR)/mcprt.h $(INCLDIR)/nl_types.h \
	$(INCLDIR)/parseaddrs.h ../sysdefs.h
posixsig.o : posixsig.c $(INCLDIR)/elm_defs.h ../config.h \
	$(INCLDIR)/elm_lib.h $(INCLDIR)/mcprt.h $(INCLDIR)/nl_types.h \
	$(INCLDIR)/parseaddrs.h ../sysdefs.h
putenv.o : putenv.c $(INCLDIR)/elm_defs.h ../config.h $(INCLDIR)/elm_lib.h \
	$(INCLDIR)/mcprt.h $(INCLDIR)/nl_types.h $(INCLDIR)/parseaddrs.h \
	../sysdefs.h
realfrom.o : realfrom.c $(INCLDIR)/elm_defs.h ../config.h \
	$(INCLDIR)/elm_lib.h $(INCLDIR)/mcprt.h $(INCLDIR)/nl_types.h \
	$(INCLDIR)/parseaddrs.h ../sysdefs.h
qstrings.o : qstrings.c $(INCLDIR)/elm_defs.h ../config.h \
	$(INCLDIR)/elm_lib.h $(INCLDIR)/mcprt.h $(INCLDIR)/nl_types.h \
	$(INCLDIR)/parseaddrs.h ../sysdefs.h
remfirstwd.o : remfirstwd.c $(INCLDIR)/elm_defs.h ../config.h \
	$(INCLDIR)/elm_lib.h $(INCLDIR)/mcprt.h $(INCLDIR)/nl_types.h \
	$(INCLDIR)/parseaddrs.h ../sysdefs.h
strrev.o : strrev.c $(INCLDIR)/elm_defs.h ../config.h $(INCLDIR)/elm_lib.h \
	$(INCLDIR)/mcprt.h $(INCLDIR)/nl_types.h $(INCLDIR)/parseaddrs.h \
	../sysdefs.h
rfc822tlen.o : rfc822tlen.c $(INCLDIR)/elm_defs.h ../config.h \
	$(INCLDIR)/elm_lib.h $(INCLDIR)/mcprt.h $(INCLDIR)/nl_types.h \
	$(INCLDIR)/parseaddrs.h ../sysdefs.h
safemalloc.o : safemalloc.c $(INCLDIR)/elm_defs.h $(INCLDIR)/s_error.h \
	../config.h $(INCLDIR)/elm_lib.h $(INCLDIR)/mcprt.h \
	$(INCLDIR)/nl_types.h $(INCLDIR)/parseaddrs.h ../sysdefs.h
shiftlower.o : shiftlower.c $(INCLDIR)/elm_defs.h ../config.h \
	$(INCLDIR)/elm_lib.h $(INCLDIR)/mcprt.h $(INCLDIR)/nl_types.h \
	$(INCLDIR)/parseaddrs.h ../sysdefs.h
strfcpy.o : strfcpy.c $(INCLDIR)/elm_defs.h ../config.h $(INCLDIR)/elm_lib.h \
	$(INCLDIR)/mcprt.h $(INCLDIR)/nl_types.h $(INCLDIR)/parseaddrs.h \
	../sysdefs.h
strincmp.o : strincmp.c $(INCLDIR)/elm_defs.h ../config.h \
	$(INCLDIR)/elm_lib.h $(INCLDIR)/mcprt.h $(INCLDIR)/nl_types.h \
	$(INCLDIR)/parseaddrs.h ../sysdefs.h
striparens.o : striparens.c $(INCLDIR)/elm_defs.h ../config.h \
	$(INCLDIR)/elm_lib.h $(INCLDIR)/mcprt.h $(INCLDIR)/nl_types.h \
	$(INCLDIR)/parseaddrs.h ../sysdefs.h
strstr.o : strstr.c $(INCLDIR)/elm_defs.h ../config.h $(INCLDIR)/elm_lib.h \
	$(INCLDIR)/mcprt.h $(INCLDIR)/nl_types.h $(INCLDIR)/parseaddrs.h \
	../sysdefs.h
strftime.o : strftime.c $(INCLDIR)/elm_defs.h ../config.h \
	$(INCLDIR)/elm_lib.h $(INCLDIR)/mcprt.h $(INCLDIR)/nl_types.h \
	$(INCLDIR)/parseaddrs.h ../sysdefs.h
strtokq.o : strtokq.c $(INCLDIR)/elm_defs.h ../config.h $(INCLDIR)/elm_lib.h \
	$(INCLDIR)/mcprt.h $(INCLDIR)/nl_types.h $(INCLDIR)/parseaddrs.h \
	../sysdefs.h
tail_of.o : tail_of.c $(INCLDIR)/elm_defs.h ../config.h $(INCLDIR)/elm_lib.h \
	$(INCLDIR)/mcprt.h $(INCLDIR)/nl_types.h $(INCLDIR)/parseaddrs.h \
	../sysdefs.h
trim.o : trim.c $(INCLDIR)/elm_defs.h ../config.h $(INCLDIR)/elm_lib.h \
	$(INCLDIR)/mcprt.h $(INCLDIR)/nl_types.h $(INCLDIR)/parseaddrs.h \
	../sysdefs.h
validname.o : validname.c $(INCLDIR)/elm_defs.h ../config.h \
	$(INCLDIR)/elm_lib.h $(INCLDIR)/mcprt.h $(INCLDIR)/nl_types.h \
	$(INCLDIR)/parseaddrs.h ../sysdefs.h
