#
# Dependencies automatically generated by ../dev/makedeps.sh
#
elmalias.o : elmalias.c $(INCLDIR)/elm_defs.h $(INCLDIR)/ndbz.h \
	$(INCLDIR)/s_elmalias.h ../config.h $(INCLDIR)/elm_lib.h \
	 $(INCLDIR)/nl_types.h $(INCLDIR)/parseaddrs.h \
	../sysdefs.h
fastmail.o : fastmail.c $(INCLDIR)/elm_defs.h $(INCLDIR)/patchlevel.h \
	$(INCLDIR)/s_fastmail.h ../config.h $(INCLDIR)/elm_lib.h \
	 $(INCLDIR)/nl_types.h $(INCLDIR)/parseaddrs.h \
	../sysdefs.h
from.o : from.c $(INCLDIR)/elm_defs.h $(INCLDIR)/mailfile.h \
	$(INCLDIR)/port_stat.h $(INCLDIR)/s_from.h ../config.h \
	$(INCLDIR)/elm_lib.h  $(INCLDIR)/nl_types.h \
	$(INCLDIR)/parseaddrs.h ../sysdefs.h
mmencode.o : mmencode.c $(INCLDIR)/elm_defs.h ../config.h \
	$(INCLDIR)/elm_lib.h  $(INCLDIR)/nl_types.h \
	$(INCLDIR)/parseaddrs.h ../sysdefs.h
newalias.o : newalias.c $(INCLDIR)/elm_defs.h $(INCLDIR)/s_newalias.h \
	../config.h $(INCLDIR)/elm_lib.h  \
	$(INCLDIR)/nl_types.h $(INCLDIR)/parseaddrs.h ../sysdefs.h
newmail.o : newmail.c $(INCLDIR)/elm_defs.h $(INCLDIR)/port_stat.h \
	$(INCLDIR)/s_newmail.h ../config.h $(INCLDIR)/elm_lib.h \
	 $(INCLDIR)/nl_types.h $(INCLDIR)/parseaddrs.h \
	../sysdefs.h
readmsg.o : readmsg.c $(INCLDIR)/elm_defs.h $(INCLDIR)/s_readmsg.h \
	../config.h $(INCLDIR)/elm_lib.h  \
	$(INCLDIR)/nl_types.h $(INCLDIR)/parseaddrs.h ../sysdefs.h
prlong.o : prlong.c $(INCLDIR)/elm_defs.h ../config.h $(INCLDIR)/elm_lib.h \
	 $(INCLDIR)/nl_types.h $(INCLDIR)/parseaddrs.h \
	../sysdefs.h
