#
# Dependencies automatically generated by ../dev/makedeps.sh
#
addr_util.o : addr_util.c $(INCLDIR)/elm_defs.h $(INCLDIR)/elm_globals.h \
	$(INCLDIR)/s_elm.h ../config.h $(INCLDIR)/elm_lib.h \
	$(INCLDIR)/mcprt.h $(INCLDIR)/nl_types.h $(INCLDIR)/parseaddrs.h \
	../sysdefs.h $(INCLDIR)/elm_curses.h
alias.o : alias.c $(INCLDIR)/elm_defs.h $(INCLDIR)/elm_globals.h \
	$(INCLDIR)/ndbz.h $(INCLDIR)/port_stat.h $(INCLDIR)/s_aliases.h \
	$(INCLDIR)/s_elm.h ../config.h $(INCLDIR)/elm_lib.h \
	$(INCLDIR)/mcprt.h $(INCLDIR)/nl_types.h $(INCLDIR)/parseaddrs.h \
	../sysdefs.h $(INCLDIR)/elm_curses.h
aliaslib.o : aliaslib.c $(INCLDIR)/elm_defs.h $(INCLDIR)/elm_globals.h \
	$(INCLDIR)/s_elm.h ../config.h $(INCLDIR)/elm_lib.h \
	$(INCLDIR)/mcprt.h $(INCLDIR)/nl_types.h $(INCLDIR)/parseaddrs.h \
	../sysdefs.h $(INCLDIR)/elm_curses.h
args.o : args.c $(INCLDIR)/elm_defs.h $(INCLDIR)/elm_globals.h \
	$(INCLDIR)/patchlevel.h $(INCLDIR)/s_elm.h ../config.h \
	$(INCLDIR)/elm_lib.h $(INCLDIR)/mcprt.h $(INCLDIR)/nl_types.h \
	$(INCLDIR)/parseaddrs.h ../sysdefs.h $(INCLDIR)/elm_curses.h
a_edit.o : a_edit.c $(INCLDIR)/elm_defs.h $(INCLDIR)/elm_globals.h \
	../config.h $(INCLDIR)/elm_lib.h $(INCLDIR)/mcprt.h \
	$(INCLDIR)/nl_types.h $(INCLDIR)/parseaddrs.h ../sysdefs.h \
	$(INCLDIR)/elm_curses.h
a_screen.o : a_screen.c $(INCLDIR)/elm_defs.h $(INCLDIR)/elm_globals.h \
	$(INCLDIR)/s_aliases.h ../config.h $(INCLDIR)/elm_lib.h \
	$(INCLDIR)/mcprt.h $(INCLDIR)/nl_types.h $(INCLDIR)/parseaddrs.h \
	../sysdefs.h $(INCLDIR)/elm_curses.h
a_sendmsg.o : a_sendmsg.c $(INCLDIR)/elm_defs.h $(INCLDIR)/elm_globals.h \
	../config.h $(INCLDIR)/elm_lib.h $(INCLDIR)/mcprt.h \
	$(INCLDIR)/nl_types.h $(INCLDIR)/parseaddrs.h ../sysdefs.h \
	$(INCLDIR)/elm_curses.h
a_sort.o : a_sort.c $(INCLDIR)/elm_defs.h $(INCLDIR)/elm_globals.h \
	$(INCLDIR)/s_aliases.h ../config.h $(INCLDIR)/elm_lib.h \
	$(INCLDIR)/mcprt.h $(INCLDIR)/nl_types.h $(INCLDIR)/parseaddrs.h \
	../sysdefs.h $(INCLDIR)/elm_curses.h
a_quit.o : a_quit.c $(INCLDIR)/elm_defs.h $(INCLDIR)/elm_globals.h \
	$(INCLDIR)/s_aliases.h ../config.h $(INCLDIR)/elm_lib.h \
	$(INCLDIR)/mcprt.h $(INCLDIR)/nl_types.h $(INCLDIR)/parseaddrs.h \
	../sysdefs.h $(INCLDIR)/elm_curses.h
bouncebk.o : bouncebk.c $(INCLDIR)/elm_defs.h $(INCLDIR)/elm_globals.h \
	../config.h $(INCLDIR)/elm_lib.h $(INCLDIR)/mcprt.h \
	$(INCLDIR)/nl_types.h $(INCLDIR)/parseaddrs.h ../sysdefs.h \
	$(INCLDIR)/elm_curses.h
builtin.o : builtin.c $(INCLDIR)/elm_defs.h $(INCLDIR)/elm_globals.h \
	$(INCLDIR)/s_elm.h ../config.h $(INCLDIR)/elm_lib.h \
	$(INCLDIR)/mcprt.h $(INCLDIR)/nl_types.h $(INCLDIR)/parseaddrs.h \
	../sysdefs.h $(INCLDIR)/elm_curses.h
calendar.o : calendar.c $(INCLDIR)/elm_defs.h $(INCLDIR)/elm_globals.h \
	$(INCLDIR)/s_error.h ../config.h $(INCLDIR)/elm_lib.h \
	$(INCLDIR)/mcprt.h $(INCLDIR)/nl_types.h $(INCLDIR)/parseaddrs.h \
	../sysdefs.h $(INCLDIR)/elm_curses.h
chstatus.o : chstatus.c $(INCLDIR)/elm_defs.h $(INCLDIR)/elm_globals.h \
	$(INCLDIR)/s_elm.h ../config.h $(INCLDIR)/elm_lib.h \
	$(INCLDIR)/mcprt.h $(INCLDIR)/nl_types.h $(INCLDIR)/parseaddrs.h \
	../sysdefs.h $(INCLDIR)/elm_curses.h
curses.o : curses.c $(INCLDIR)/elm_defs.h $(INCLDIR)/elm_globals.h \
	$(INCLDIR)/port_termios.h $(INCLDIR)/s_elm.h ../config.h \
	$(INCLDIR)/elm_lib.h $(INCLDIR)/mcprt.h $(INCLDIR)/nl_types.h \
	$(INCLDIR)/parseaddrs.h ../sysdefs.h $(INCLDIR)/elm_curses.h
date.o : date.c $(INCLDIR)/elm_defs.h $(INCLDIR)/elm_globals.h ../config.h \
	$(INCLDIR)/elm_lib.h $(INCLDIR)/mcprt.h $(INCLDIR)/nl_types.h \
	$(INCLDIR)/parseaddrs.h ../sysdefs.h $(INCLDIR)/elm_curses.h
delete.o : delete.c $(INCLDIR)/elm_defs.h $(INCLDIR)/elm_globals.h \
	$(INCLDIR)/s_elm.h ../config.h $(INCLDIR)/elm_lib.h \
	$(INCLDIR)/mcprt.h $(INCLDIR)/nl_types.h $(INCLDIR)/parseaddrs.h \
	../sysdefs.h $(INCLDIR)/elm_curses.h
edit.o : edit.c $(INCLDIR)/elm_defs.h $(INCLDIR)/elm_globals.h \
	$(INCLDIR)/s_elm.h ../config.h $(INCLDIR)/elm_lib.h \
	$(INCLDIR)/mcprt.h $(INCLDIR)/nl_types.h $(INCLDIR)/parseaddrs.h \
	../sysdefs.h $(INCLDIR)/elm_curses.h
editmsg.o : editmsg.c $(INCLDIR)/elm_defs.h $(INCLDIR)/elm_globals.h \
	$(INCLDIR)/s_elm.h $(INCLDIR)/sndhdrs.h ../config.h \
	$(INCLDIR)/elm_lib.h $(INCLDIR)/mcprt.h $(INCLDIR)/nl_types.h \
	$(INCLDIR)/parseaddrs.h ../sysdefs.h $(INCLDIR)/elm_curses.h
elm.o : elm.c $(INCLDIR)/elm_defs.h $(INCLDIR)/elm_globals.h \
	$(INCLDIR)/s_elm.h ../config.h $(INCLDIR)/elm_lib.h \
	$(INCLDIR)/mcprt.h $(INCLDIR)/nl_types.h $(INCLDIR)/parseaddrs.h \
	../sysdefs.h $(INCLDIR)/elm_curses.h
encode.o : encode.c $(INCLDIR)/elm_defs.h $(INCLDIR)/elm_globals.h \
	$(INCLDIR)/s_elm.h ../config.h $(INCLDIR)/elm_lib.h \
	$(INCLDIR)/mcprt.h $(INCLDIR)/nl_types.h $(INCLDIR)/parseaddrs.h \
	../sysdefs.h $(INCLDIR)/elm_curses.h
fbrowser.o : fbrowser.c $(INCLDIR)/elm_defs.h $(INCLDIR)/elm_globals.h \
	$(INCLDIR)/port_dirent.h $(INCLDIR)/port_stat.h \
	$(INCLDIR)/s_fbrowser.h ../config.h $(INCLDIR)/elm_lib.h \
	$(INCLDIR)/mcprt.h $(INCLDIR)/nl_types.h $(INCLDIR)/parseaddrs.h \
	../sysdefs.h $(INCLDIR)/elm_curses.h
file_ops.o : file_ops.c $(INCLDIR)/elm_defs.h $(INCLDIR)/elm_globals.h \
	$(INCLDIR)/s_elm.h ../config.h $(INCLDIR)/elm_lib.h \
	$(INCLDIR)/mcprt.h $(INCLDIR)/nl_types.h $(INCLDIR)/parseaddrs.h \
	../sysdefs.h $(INCLDIR)/elm_curses.h
file_util.o : file_util.c $(INCLDIR)/elm_defs.h $(INCLDIR)/elm_globals.h \
	$(INCLDIR)/port_stat.h $(INCLDIR)/s_elm.h ../config.h \
	$(INCLDIR)/elm_lib.h $(INCLDIR)/mcprt.h $(INCLDIR)/nl_types.h \
	$(INCLDIR)/parseaddrs.h ../sysdefs.h $(INCLDIR)/elm_curses.h
fileio.o : fileio.c $(INCLDIR)/elm_defs.h $(INCLDIR)/elm_globals.h \
	$(INCLDIR)/mailfile.h $(INCLDIR)/port_stat.h $(INCLDIR)/s_elm.h \
	../config.h $(INCLDIR)/elm_lib.h $(INCLDIR)/mcprt.h \
	$(INCLDIR)/nl_types.h $(INCLDIR)/parseaddrs.h ../sysdefs.h \
	$(INCLDIR)/elm_curses.h
find_alias.o : find_alias.c $(INCLDIR)/elm_defs.h $(INCLDIR)/elm_globals.h \
	../config.h $(INCLDIR)/elm_lib.h $(INCLDIR)/mcprt.h \
	$(INCLDIR)/nl_types.h $(INCLDIR)/parseaddrs.h ../sysdefs.h \
	$(INCLDIR)/elm_curses.h
forms.o : forms.c $(INCLDIR)/elm_defs.h $(INCLDIR)/elm_globals.h \
	$(INCLDIR)/s_elm.h ../config.h $(INCLDIR)/elm_lib.h \
	$(INCLDIR)/mcprt.h $(INCLDIR)/nl_types.h $(INCLDIR)/parseaddrs.h \
	../sysdefs.h $(INCLDIR)/elm_curses.h
hdrconfg.o : hdrconfg.c $(INCLDIR)/elm_defs.h $(INCLDIR)/elm_globals.h \
	$(INCLDIR)/s_elm.h $(INCLDIR)/sndhdrs.h ../config.h \
	$(INCLDIR)/elm_lib.h $(INCLDIR)/mcprt.h $(INCLDIR)/nl_types.h \
	$(INCLDIR)/parseaddrs.h ../sysdefs.h $(INCLDIR)/elm_curses.h
help.o : help.c $(INCLDIR)/elm_defs.h $(INCLDIR)/elm_globals.h \
	$(INCLDIR)/s_elm.h ../config.h $(INCLDIR)/elm_lib.h \
	$(INCLDIR)/mcprt.h $(INCLDIR)/nl_types.h $(INCLDIR)/parseaddrs.h \
	../sysdefs.h $(INCLDIR)/elm_curses.h
in_utils.o : in_utils.c $(INCLDIR)/elm_defs.h $(INCLDIR)/elm_globals.h \
	$(INCLDIR)/s_elm.h ../config.h $(INCLDIR)/elm_lib.h \
	$(INCLDIR)/mcprt.h $(INCLDIR)/nl_types.h $(INCLDIR)/parseaddrs.h \
	../sysdefs.h $(INCLDIR)/elm_curses.h
init.o : init.c $(INCLDIR)/elm_defs.h $(INCLDIR)/elm_globals.h \
	$(INCLDIR)/patchlevel.h $(INCLDIR)/s_elm.h ../config.h \
	$(INCLDIR)/elm_lib.h $(INCLDIR)/mcprt.h $(INCLDIR)/nl_types.h \
	$(INCLDIR)/parseaddrs.h ../sysdefs.h $(INCLDIR)/elm_curses.h
leavembox.o : leavembox.c $(INCLDIR)/elm_defs.h $(INCLDIR)/elm_globals.h \
	$(INCLDIR)/port_stat.h $(INCLDIR)/s_elm.h ../config.h \
	$(INCLDIR)/elm_lib.h $(INCLDIR)/mcprt.h $(INCLDIR)/nl_types.h \
	$(INCLDIR)/parseaddrs.h ../sysdefs.h $(INCLDIR)/elm_curses.h
lock.o : lock.c $(INCLDIR)/elm_defs.h $(INCLDIR)/elm_globals.h \
	$(INCLDIR)/s_elm.h ../config.h $(INCLDIR)/elm_lib.h \
	$(INCLDIR)/mcprt.h $(INCLDIR)/nl_types.h $(INCLDIR)/parseaddrs.h \
	../sysdefs.h $(INCLDIR)/elm_curses.h
limit.o : limit.c $(INCLDIR)/elm_defs.h $(INCLDIR)/elm_globals.h \
	$(INCLDIR)/s_aliases.h $(INCLDIR)/s_elm.h ../config.h \
	$(INCLDIR)/elm_lib.h $(INCLDIR)/mcprt.h $(INCLDIR)/nl_types.h \
	$(INCLDIR)/parseaddrs.h ../sysdefs.h $(INCLDIR)/elm_curses.h
mime.o : mime.c $(INCLDIR)/elm_defs.h $(INCLDIR)/elm_globals.h \
	$(INCLDIR)/mime.h $(INCLDIR)/s_elm.h ../config.h $(INCLDIR)/elm_lib.h \
	$(INCLDIR)/mcprt.h $(INCLDIR)/nl_types.h $(INCLDIR)/parseaddrs.h \
	../sysdefs.h $(INCLDIR)/elm_curses.h
newmbox.o : newmbox.c $(INCLDIR)/elm_defs.h $(INCLDIR)/elm_globals.h \
	$(INCLDIR)/mailfile.h $(INCLDIR)/mime.h $(INCLDIR)/s_elm.h \
	../config.h $(INCLDIR)/elm_lib.h $(INCLDIR)/mcprt.h \
	$(INCLDIR)/nl_types.h $(INCLDIR)/parseaddrs.h ../sysdefs.h \
	$(INCLDIR)/elm_curses.h
options.o : options.c $(INCLDIR)/elm_defs.h $(INCLDIR)/elm_globals.h \
	$(INCLDIR)/s_elm.h $(INCLDIR)/save_opts.h ../config.h \
	$(INCLDIR)/elm_lib.h $(INCLDIR)/mcprt.h $(INCLDIR)/nl_types.h \
	$(INCLDIR)/parseaddrs.h ../sysdefs.h $(INCLDIR)/elm_curses.h
out_utils.o : out_utils.c $(INCLDIR)/elm_defs.h $(INCLDIR)/elm_globals.h \
	../config.h $(INCLDIR)/elm_lib.h $(INCLDIR)/mcprt.h \
	$(INCLDIR)/nl_types.h $(INCLDIR)/parseaddrs.h ../sysdefs.h \
	$(INCLDIR)/elm_curses.h
pattern.o : pattern.c $(INCLDIR)/elm_defs.h $(INCLDIR)/elm_globals.h \
	$(INCLDIR)/s_elm.h ../config.h $(INCLDIR)/elm_lib.h \
	$(INCLDIR)/mcprt.h $(INCLDIR)/nl_types.h $(INCLDIR)/parseaddrs.h \
	../sysdefs.h $(INCLDIR)/elm_curses.h
quit.o : quit.c $(INCLDIR)/elm_defs.h $(INCLDIR)/elm_globals.h \
	$(INCLDIR)/s_elm.h ../config.h $(INCLDIR)/elm_lib.h \
	$(INCLDIR)/mcprt.h $(INCLDIR)/nl_types.h $(INCLDIR)/parseaddrs.h \
	../sysdefs.h $(INCLDIR)/elm_curses.h
read_rc.o : read_rc.c $(INCLDIR)/elm_defs.h $(INCLDIR)/elm_globals.h \
	$(INCLDIR)/mime.h $(INCLDIR)/s_elm.h $(INCLDIR)/save_opts.h \
	../config.h $(INCLDIR)/elm_lib.h $(INCLDIR)/mcprt.h \
	$(INCLDIR)/nl_types.h $(INCLDIR)/parseaddrs.h ../sysdefs.h \
	$(INCLDIR)/elm_curses.h
reply.o : reply.c $(INCLDIR)/elm_defs.h $(INCLDIR)/elm_globals.h \
	$(INCLDIR)/s_elm.h ../config.h $(INCLDIR)/elm_lib.h \
	$(INCLDIR)/mcprt.h $(INCLDIR)/nl_types.h $(INCLDIR)/parseaddrs.h \
	../sysdefs.h $(INCLDIR)/elm_curses.h
returnadd.o : returnadd.c $(INCLDIR)/elm_defs.h $(INCLDIR)/elm_globals.h \
	$(INCLDIR)/s_elm.h ../config.h $(INCLDIR)/elm_lib.h \
	$(INCLDIR)/mcprt.h $(INCLDIR)/nl_types.h $(INCLDIR)/parseaddrs.h \
	../sysdefs.h $(INCLDIR)/elm_curses.h
save.o : save.c $(INCLDIR)/elm_defs.h $(INCLDIR)/elm_globals.h \
	$(INCLDIR)/s_elm.h ../config.h $(INCLDIR)/elm_lib.h \
	$(INCLDIR)/mcprt.h $(INCLDIR)/nl_types.h $(INCLDIR)/parseaddrs.h \
	../sysdefs.h $(INCLDIR)/elm_curses.h
save_opts.o : save_opts.c $(INCLDIR)/elm_defs.h $(INCLDIR)/elm_globals.h \
	$(INCLDIR)/s_elmrc.h $(INCLDIR)/save_opts.h ../config.h \
	$(INCLDIR)/elm_lib.h $(INCLDIR)/mcprt.h $(INCLDIR)/nl_types.h \
	$(INCLDIR)/parseaddrs.h ../sysdefs.h $(INCLDIR)/elm_curses.h
savecopy.o : savecopy.c $(INCLDIR)/elm_defs.h $(INCLDIR)/elm_globals.h \
	$(INCLDIR)/s_elm.h $(INCLDIR)/sndhdrs.h ../config.h \
	$(INCLDIR)/elm_lib.h $(INCLDIR)/mcprt.h $(INCLDIR)/nl_types.h \
	$(INCLDIR)/parseaddrs.h ../sysdefs.h $(INCLDIR)/elm_curses.h
screen.o : screen.c $(INCLDIR)/elm_defs.h $(INCLDIR)/elm_globals.h \
	$(INCLDIR)/s_elm.h ../config.h $(INCLDIR)/elm_lib.h \
	$(INCLDIR)/mcprt.h $(INCLDIR)/nl_types.h $(INCLDIR)/parseaddrs.h \
	../sysdefs.h $(INCLDIR)/elm_curses.h
showmsg.o : showmsg.c $(INCLDIR)/elm_defs.h $(INCLDIR)/elm_globals.h \
	$(INCLDIR)/port_wait.h $(INCLDIR)/s_elm.h ../config.h \
	$(INCLDIR)/elm_lib.h $(INCLDIR)/mcprt.h $(INCLDIR)/nl_types.h \
	$(INCLDIR)/parseaddrs.h ../sysdefs.h $(INCLDIR)/elm_curses.h
showmsg_c.o : showmsg_c.c $(INCLDIR)/elm_defs.h $(INCLDIR)/elm_globals.h \
	$(INCLDIR)/s_elm.h ../config.h $(INCLDIR)/elm_lib.h \
	$(INCLDIR)/mcprt.h $(INCLDIR)/nl_types.h $(INCLDIR)/parseaddrs.h \
	../sysdefs.h $(INCLDIR)/elm_curses.h
signals.o : signals.c $(INCLDIR)/elm_defs.h $(INCLDIR)/elm_globals.h \
	$(INCLDIR)/s_elm.h ../config.h $(INCLDIR)/elm_lib.h \
	$(INCLDIR)/mcprt.h $(INCLDIR)/nl_types.h $(INCLDIR)/parseaddrs.h \
	../sysdefs.h $(INCLDIR)/elm_curses.h
sndattach.o : sndattach.c $(INCLDIR)/elm_defs.h $(INCLDIR)/elm_globals.h \
	$(INCLDIR)/s_attach.h $(INCLDIR)/sndparts.h ../config.h \
	$(INCLDIR)/elm_lib.h $(INCLDIR)/mcprt.h $(INCLDIR)/nl_types.h \
	$(INCLDIR)/parseaddrs.h ../sysdefs.h $(INCLDIR)/elm_curses.h
sndhdrs.o : sndhdrs.c $(INCLDIR)/elm_defs.h $(INCLDIR)/elm_globals.h \
	$(INCLDIR)/mime.h $(INCLDIR)/s_elm.h $(INCLDIR)/sndhdrs.h ../config.h \
	$(INCLDIR)/elm_lib.h $(INCLDIR)/mcprt.h $(INCLDIR)/nl_types.h \
	$(INCLDIR)/parseaddrs.h ../sysdefs.h $(INCLDIR)/elm_curses.h
sndmsg.o : sndmsg.c $(INCLDIR)/elm_defs.h $(INCLDIR)/elm_globals.h \
	$(INCLDIR)/mime.h $(INCLDIR)/s_elm.h $(INCLDIR)/sndhdrs.h \
	$(INCLDIR)/sndparts.h ../config.h $(INCLDIR)/elm_lib.h \
	$(INCLDIR)/mcprt.h $(INCLDIR)/nl_types.h $(INCLDIR)/parseaddrs.h \
	../sysdefs.h $(INCLDIR)/elm_curses.h
sndpart_io.o : sndpart_io.c $(INCLDIR)/elm_defs.h $(INCLDIR)/elm_globals.h \
	$(INCLDIR)/mime.h $(INCLDIR)/s_elm.h $(INCLDIR)/sndparts.h \
	../config.h $(INCLDIR)/elm_lib.h $(INCLDIR)/mcprt.h \
	$(INCLDIR)/nl_types.h $(INCLDIR)/parseaddrs.h ../sysdefs.h \
	$(INCLDIR)/elm_curses.h
sndpart_lib.o : sndpart_lib.c $(INCLDIR)/elm_defs.h $(INCLDIR)/elm_globals.h \
	$(INCLDIR)/mime.h $(INCLDIR)/s_elm.h $(INCLDIR)/sndparts.h \
	../config.h $(INCLDIR)/elm_lib.h $(INCLDIR)/mcprt.h \
	$(INCLDIR)/nl_types.h $(INCLDIR)/parseaddrs.h ../sysdefs.h \
	$(INCLDIR)/elm_curses.h
softkeys.o : softkeys.c $(INCLDIR)/elm_defs.h $(INCLDIR)/elm_globals.h \
	$(INCLDIR)/s_elm.h ../config.h $(INCLDIR)/elm_lib.h \
	$(INCLDIR)/mcprt.h $(INCLDIR)/nl_types.h $(INCLDIR)/parseaddrs.h \
	../sysdefs.h $(INCLDIR)/elm_curses.h
sort.o : sort.c $(INCLDIR)/elm_defs.h $(INCLDIR)/elm_globals.h \
	$(INCLDIR)/s_elm.h ../config.h $(INCLDIR)/elm_lib.h \
	$(INCLDIR)/mcprt.h $(INCLDIR)/nl_types.h $(INCLDIR)/parseaddrs.h \
	../sysdefs.h $(INCLDIR)/elm_curses.h
string2.o : string2.c $(INCLDIR)/elm_defs.h $(INCLDIR)/elm_globals.h \
	../config.h $(INCLDIR)/elm_lib.h $(INCLDIR)/mcprt.h \
	$(INCLDIR)/nl_types.h $(INCLDIR)/parseaddrs.h ../sysdefs.h \
	$(INCLDIR)/elm_curses.h
strings.o : strings.c $(INCLDIR)/elm_defs.h $(INCLDIR)/elm_globals.h \
	$(INCLDIR)/s_elm.h ../config.h $(INCLDIR)/elm_lib.h \
	$(INCLDIR)/mcprt.h $(INCLDIR)/nl_types.h $(INCLDIR)/parseaddrs.h \
	../sysdefs.h $(INCLDIR)/elm_curses.h
syscall.o : syscall.c $(INCLDIR)/elm_defs.h $(INCLDIR)/elm_globals.h \
	$(INCLDIR)/port_wait.h $(INCLDIR)/s_elm.h ../config.h \
	$(INCLDIR)/elm_lib.h $(INCLDIR)/mcprt.h $(INCLDIR)/nl_types.h \
	$(INCLDIR)/parseaddrs.h ../sysdefs.h $(INCLDIR)/elm_curses.h
utils.o : utils.c $(INCLDIR)/elm_defs.h $(INCLDIR)/elm_globals.h \
	$(INCLDIR)/s_elm.h ../config.h $(INCLDIR)/elm_lib.h \
	$(INCLDIR)/mcprt.h $(INCLDIR)/nl_types.h $(INCLDIR)/parseaddrs.h \
	../sysdefs.h $(INCLDIR)/elm_curses.h
wordwrap.o : wordwrap.c $(INCLDIR)/elm_defs.h $(INCLDIR)/elm_globals.h \
	../config.h $(INCLDIR)/elm_lib.h $(INCLDIR)/mcprt.h \
	$(INCLDIR)/nl_types.h $(INCLDIR)/parseaddrs.h ../sysdefs.h \
	$(INCLDIR)/elm_curses.h
#
# Dependencies automatically generated by ../dev/makedeps.sh
#
addr_util.o : addr_util.c $(INCLDIR)/elm_defs.h $(INCLDIR)/elm_globals.h \
	$(INCLDIR)/s_elm.h ../config.h $(INCLDIR)/elm_lib.h \
	$(INCLDIR)/mcprt.h $(INCLDIR)/nl_types.h $(INCLDIR)/parseaddrs.h \
	../sysdefs.h $(INCLDIR)/elm_curses.h
alias.o : alias.c $(INCLDIR)/elm_defs.h $(INCLDIR)/elm_globals.h \
	$(INCLDIR)/ndbz.h $(INCLDIR)/port_stat.h $(INCLDIR)/s_aliases.h \
	$(INCLDIR)/s_elm.h ../config.h $(INCLDIR)/elm_lib.h \
	$(INCLDIR)/mcprt.h $(INCLDIR)/nl_types.h $(INCLDIR)/parseaddrs.h \
	../sysdefs.h $(INCLDIR)/elm_curses.h
aliaslib.o : aliaslib.c $(INCLDIR)/elm_defs.h $(INCLDIR)/elm_globals.h \
	$(INCLDIR)/s_elm.h ../config.h $(INCLDIR)/elm_lib.h \
	$(INCLDIR)/mcprt.h $(INCLDIR)/nl_types.h $(INCLDIR)/parseaddrs.h \
	../sysdefs.h $(INCLDIR)/elm_curses.h
args.o : args.c $(INCLDIR)/elm_defs.h $(INCLDIR)/elm_globals.h \
	$(INCLDIR)/patchlevel.h $(INCLDIR)/s_elm.h ../config.h \
	$(INCLDIR)/elm_lib.h $(INCLDIR)/mcprt.h $(INCLDIR)/nl_types.h \
	$(INCLDIR)/parseaddrs.h ../sysdefs.h $(INCLDIR)/elm_curses.h
a_edit.o : a_edit.c $(INCLDIR)/elm_defs.h $(INCLDIR)/elm_globals.h \
	../config.h $(INCLDIR)/elm_lib.h $(INCLDIR)/mcprt.h \
	$(INCLDIR)/nl_types.h $(INCLDIR)/parseaddrs.h ../sysdefs.h \
	$(INCLDIR)/elm_curses.h
a_screen.o : a_screen.c $(INCLDIR)/elm_defs.h $(INCLDIR)/elm_globals.h \
	$(INCLDIR)/s_aliases.h ../config.h $(INCLDIR)/elm_lib.h \
	$(INCLDIR)/mcprt.h $(INCLDIR)/nl_types.h $(INCLDIR)/parseaddrs.h \
	../sysdefs.h $(INCLDIR)/elm_curses.h
a_sendmsg.o : a_sendmsg.c $(INCLDIR)/elm_defs.h $(INCLDIR)/elm_globals.h \
	../config.h $(INCLDIR)/elm_lib.h $(INCLDIR)/mcprt.h \
	$(INCLDIR)/nl_types.h $(INCLDIR)/parseaddrs.h ../sysdefs.h \
	$(INCLDIR)/elm_curses.h
a_sort.o : a_sort.c $(INCLDIR)/elm_defs.h $(INCLDIR)/elm_globals.h \
	$(INCLDIR)/s_aliases.h ../config.h $(INCLDIR)/elm_lib.h \
	$(INCLDIR)/mcprt.h $(INCLDIR)/nl_types.h $(INCLDIR)/parseaddrs.h \
	../sysdefs.h $(INCLDIR)/elm_curses.h
a_quit.o : a_quit.c $(INCLDIR)/elm_defs.h $(INCLDIR)/elm_globals.h \
	$(INCLDIR)/s_aliases.h ../config.h $(INCLDIR)/elm_lib.h \
	$(INCLDIR)/mcprt.h $(INCLDIR)/nl_types.h $(INCLDIR)/parseaddrs.h \
	../sysdefs.h $(INCLDIR)/elm_curses.h
bouncebk.o : bouncebk.c $(INCLDIR)/elm_defs.h $(INCLDIR)/elm_globals.h \
	../config.h $(INCLDIR)/elm_lib.h $(INCLDIR)/mcprt.h \
	$(INCLDIR)/nl_types.h $(INCLDIR)/parseaddrs.h ../sysdefs.h \
	$(INCLDIR)/elm_curses.h
builtin.o : builtin.c $(INCLDIR)/elm_defs.h $(INCLDIR)/elm_globals.h \
	$(INCLDIR)/s_elm.h ../config.h $(INCLDIR)/elm_lib.h \
	$(INCLDIR)/mcprt.h $(INCLDIR)/nl_types.h $(INCLDIR)/parseaddrs.h \
	../sysdefs.h $(INCLDIR)/elm_curses.h
calendar.o : calendar.c $(INCLDIR)/elm_defs.h $(INCLDIR)/elm_globals.h \
	$(INCLDIR)/s_error.h ../config.h $(INCLDIR)/elm_lib.h \
	$(INCLDIR)/mcprt.h $(INCLDIR)/nl_types.h $(INCLDIR)/parseaddrs.h \
	../sysdefs.h $(INCLDIR)/elm_curses.h
chstatus.o : chstatus.c $(INCLDIR)/elm_defs.h $(INCLDIR)/elm_globals.h \
	$(INCLDIR)/s_elm.h ../config.h $(INCLDIR)/elm_lib.h \
	$(INCLDIR)/mcprt.h $(INCLDIR)/nl_types.h $(INCLDIR)/parseaddrs.h \
	../sysdefs.h $(INCLDIR)/elm_curses.h
curses.o : curses.c $(INCLDIR)/elm_defs.h $(INCLDIR)/elm_globals.h \
	$(INCLDIR)/port_termios.h $(INCLDIR)/s_elm.h ../config.h \
	$(INCLDIR)/elm_lib.h $(INCLDIR)/mcprt.h $(INCLDIR)/nl_types.h \
	$(INCLDIR)/parseaddrs.h ../sysdefs.h $(INCLDIR)/elm_curses.h
date.o : date.c $(INCLDIR)/elm_defs.h $(INCLDIR)/elm_globals.h ../config.h \
	$(INCLDIR)/elm_lib.h $(INCLDIR)/mcprt.h $(INCLDIR)/nl_types.h \
	$(INCLDIR)/parseaddrs.h ../sysdefs.h $(INCLDIR)/elm_curses.h
delete.o : delete.c $(INCLDIR)/elm_defs.h $(INCLDIR)/elm_globals.h \
	$(INCLDIR)/s_elm.h ../config.h $(INCLDIR)/elm_lib.h \
	$(INCLDIR)/mcprt.h $(INCLDIR)/nl_types.h $(INCLDIR)/parseaddrs.h \
	../sysdefs.h $(INCLDIR)/elm_curses.h
edit.o : edit.c $(INCLDIR)/elm_defs.h $(INCLDIR)/elm_globals.h \
	$(INCLDIR)/s_elm.h ../config.h $(INCLDIR)/elm_lib.h \
	$(INCLDIR)/mcprt.h $(INCLDIR)/nl_types.h $(INCLDIR)/parseaddrs.h \
	../sysdefs.h $(INCLDIR)/elm_curses.h
editmsg.o : editmsg.c $(INCLDIR)/elm_defs.h $(INCLDIR)/elm_globals.h \
	$(INCLDIR)/s_elm.h $(INCLDIR)/sndhdrs.h ../config.h \
	$(INCLDIR)/elm_lib.h $(INCLDIR)/mcprt.h $(INCLDIR)/nl_types.h \
	$(INCLDIR)/parseaddrs.h ../sysdefs.h $(INCLDIR)/elm_curses.h
elm.o : elm.c $(INCLDIR)/elm_defs.h $(INCLDIR)/elm_globals.h \
	$(INCLDIR)/s_elm.h ../config.h $(INCLDIR)/elm_lib.h \
	$(INCLDIR)/mcprt.h $(INCLDIR)/nl_types.h $(INCLDIR)/parseaddrs.h \
	../sysdefs.h $(INCLDIR)/elm_curses.h
encode.o : encode.c $(INCLDIR)/elm_defs.h $(INCLDIR)/elm_globals.h \
	$(INCLDIR)/s_elm.h ../config.h $(INCLDIR)/elm_lib.h \
	$(INCLDIR)/mcprt.h $(INCLDIR)/nl_types.h $(INCLDIR)/parseaddrs.h \
	../sysdefs.h $(INCLDIR)/elm_curses.h
fbrowser.o : fbrowser.c $(INCLDIR)/elm_defs.h $(INCLDIR)/elm_globals.h \
	$(INCLDIR)/port_dirent.h $(INCLDIR)/port_stat.h \
	$(INCLDIR)/s_fbrowser.h ../config.h $(INCLDIR)/elm_lib.h \
	$(INCLDIR)/mcprt.h $(INCLDIR)/nl_types.h $(INCLDIR)/parseaddrs.h \
	../sysdefs.h $(INCLDIR)/elm_curses.h
file_ops.o : file_ops.c $(INCLDIR)/elm_defs.h $(INCLDIR)/elm_globals.h \
	$(INCLDIR)/s_elm.h ../config.h $(INCLDIR)/elm_lib.h \
	$(INCLDIR)/mcprt.h $(INCLDIR)/nl_types.h $(INCLDIR)/parseaddrs.h \
	../sysdefs.h $(INCLDIR)/elm_curses.h
file_util.o : file_util.c $(INCLDIR)/elm_defs.h $(INCLDIR)/elm_globals.h \
	$(INCLDIR)/port_stat.h $(INCLDIR)/s_elm.h ../config.h \
	$(INCLDIR)/elm_lib.h $(INCLDIR)/mcprt.h $(INCLDIR)/nl_types.h \
	$(INCLDIR)/parseaddrs.h ../sysdefs.h $(INCLDIR)/elm_curses.h
fileio.o : fileio.c $(INCLDIR)/elm_defs.h $(INCLDIR)/elm_globals.h \
	$(INCLDIR)/mailfile.h $(INCLDIR)/port_stat.h $(INCLDIR)/s_elm.h \
	../config.h $(INCLDIR)/elm_lib.h $(INCLDIR)/mcprt.h \
	$(INCLDIR)/nl_types.h $(INCLDIR)/parseaddrs.h ../sysdefs.h \
	$(INCLDIR)/elm_curses.h
find_alias.o : find_alias.c $(INCLDIR)/elm_defs.h $(INCLDIR)/elm_globals.h \
	../config.h $(INCLDIR)/elm_lib.h $(INCLDIR)/mcprt.h \
	$(INCLDIR)/nl_types.h $(INCLDIR)/parseaddrs.h ../sysdefs.h \
	$(INCLDIR)/elm_curses.h
forms.o : forms.c $(INCLDIR)/elm_defs.h $(INCLDIR)/elm_globals.h \
	$(INCLDIR)/s_elm.h ../config.h $(INCLDIR)/elm_lib.h \
	$(INCLDIR)/mcprt.h $(INCLDIR)/nl_types.h $(INCLDIR)/parseaddrs.h \
	../sysdefs.h $(INCLDIR)/elm_curses.h
hdrconfg.o : hdrconfg.c $(INCLDIR)/elm_defs.h $(INCLDIR)/elm_globals.h \
	$(INCLDIR)/s_elm.h $(INCLDIR)/sndhdrs.h ../config.h \
	$(INCLDIR)/elm_lib.h $(INCLDIR)/mcprt.h $(INCLDIR)/nl_types.h \
	$(INCLDIR)/parseaddrs.h ../sysdefs.h $(INCLDIR)/elm_curses.h
help.o : help.c $(INCLDIR)/elm_defs.h $(INCLDIR)/elm_globals.h \
	$(INCLDIR)/s_elm.h ../config.h $(INCLDIR)/elm_lib.h \
	$(INCLDIR)/mcprt.h $(INCLDIR)/nl_types.h $(INCLDIR)/parseaddrs.h \
	../sysdefs.h $(INCLDIR)/elm_curses.h
in_utils.o : in_utils.c $(INCLDIR)/elm_defs.h $(INCLDIR)/elm_globals.h \
	$(INCLDIR)/s_elm.h ../config.h $(INCLDIR)/elm_lib.h \
	$(INCLDIR)/mcprt.h $(INCLDIR)/nl_types.h $(INCLDIR)/parseaddrs.h \
	../sysdefs.h $(INCLDIR)/elm_curses.h
init.o : init.c $(INCLDIR)/elm_defs.h $(INCLDIR)/elm_globals.h \
	$(INCLDIR)/patchlevel.h $(INCLDIR)/s_elm.h ../config.h \
	$(INCLDIR)/elm_lib.h $(INCLDIR)/mcprt.h $(INCLDIR)/nl_types.h \
	$(INCLDIR)/parseaddrs.h ../sysdefs.h $(INCLDIR)/elm_curses.h
leavembox.o : leavembox.c $(INCLDIR)/elm_defs.h $(INCLDIR)/elm_globals.h \
	$(INCLDIR)/port_stat.h $(INCLDIR)/s_elm.h ../config.h \
	$(INCLDIR)/elm_lib.h $(INCLDIR)/mcprt.h $(INCLDIR)/nl_types.h \
	$(INCLDIR)/parseaddrs.h ../sysdefs.h $(INCLDIR)/elm_curses.h
lock.o : lock.c $(INCLDIR)/elm_defs.h $(INCLDIR)/elm_globals.h \
	$(INCLDIR)/s_elm.h ../config.h $(INCLDIR)/elm_lib.h \
	$(INCLDIR)/mcprt.h $(INCLDIR)/nl_types.h $(INCLDIR)/parseaddrs.h \
	../sysdefs.h $(INCLDIR)/elm_curses.h
limit.o : limit.c $(INCLDIR)/elm_defs.h $(INCLDIR)/elm_globals.h \
	$(INCLDIR)/s_aliases.h $(INCLDIR)/s_elm.h ../config.h \
	$(INCLDIR)/elm_lib.h $(INCLDIR)/mcprt.h $(INCLDIR)/nl_types.h \
	$(INCLDIR)/parseaddrs.h ../sysdefs.h $(INCLDIR)/elm_curses.h
mime.o : mime.c $(INCLDIR)/elm_defs.h $(INCLDIR)/elm_globals.h \
	$(INCLDIR)/mime.h $(INCLDIR)/s_elm.h ../config.h $(INCLDIR)/elm_lib.h \
	$(INCLDIR)/mcprt.h $(INCLDIR)/nl_types.h $(INCLDIR)/parseaddrs.h \
	../sysdefs.h $(INCLDIR)/elm_curses.h
newmbox.o : newmbox.c $(INCLDIR)/elm_defs.h $(INCLDIR)/elm_globals.h \
	$(INCLDIR)/mailfile.h $(INCLDIR)/mime.h $(INCLDIR)/s_elm.h \
	../config.h $(INCLDIR)/elm_lib.h $(INCLDIR)/mcprt.h \
	$(INCLDIR)/nl_types.h $(INCLDIR)/parseaddrs.h ../sysdefs.h \
	$(INCLDIR)/elm_curses.h
options.o : options.c $(INCLDIR)/elm_defs.h $(INCLDIR)/elm_globals.h \
	$(INCLDIR)/s_elm.h $(INCLDIR)/save_opts.h ../config.h \
	$(INCLDIR)/elm_lib.h $(INCLDIR)/mcprt.h $(INCLDIR)/nl_types.h \
	$(INCLDIR)/parseaddrs.h ../sysdefs.h $(INCLDIR)/elm_curses.h
out_utils.o : out_utils.c $(INCLDIR)/elm_defs.h $(INCLDIR)/elm_globals.h \
	../config.h $(INCLDIR)/elm_lib.h $(INCLDIR)/mcprt.h \
	$(INCLDIR)/nl_types.h $(INCLDIR)/parseaddrs.h ../sysdefs.h \
	$(INCLDIR)/elm_curses.h
pattern.o : pattern.c $(INCLDIR)/elm_defs.h $(INCLDIR)/elm_globals.h \
	$(INCLDIR)/s_elm.h ../config.h $(INCLDIR)/elm_lib.h \
	$(INCLDIR)/mcprt.h $(INCLDIR)/nl_types.h $(INCLDIR)/parseaddrs.h \
	../sysdefs.h $(INCLDIR)/elm_curses.h
quit.o : quit.c $(INCLDIR)/elm_defs.h $(INCLDIR)/elm_globals.h \
	$(INCLDIR)/s_elm.h ../config.h $(INCLDIR)/elm_lib.h \
	$(INCLDIR)/mcprt.h $(INCLDIR)/nl_types.h $(INCLDIR)/parseaddrs.h \
	../sysdefs.h $(INCLDIR)/elm_curses.h
read_rc.o : read_rc.c $(INCLDIR)/elm_defs.h $(INCLDIR)/elm_globals.h \
	$(INCLDIR)/mime.h $(INCLDIR)/s_elm.h $(INCLDIR)/save_opts.h \
	../config.h $(INCLDIR)/elm_lib.h $(INCLDIR)/mcprt.h \
	$(INCLDIR)/nl_types.h $(INCLDIR)/parseaddrs.h ../sysdefs.h \
	$(INCLDIR)/elm_curses.h
reply.o : reply.c $(INCLDIR)/elm_defs.h $(INCLDIR)/elm_globals.h \
	$(INCLDIR)/s_elm.h ../config.h $(INCLDIR)/elm_lib.h \
	$(INCLDIR)/mcprt.h $(INCLDIR)/nl_types.h $(INCLDIR)/parseaddrs.h \
	../sysdefs.h $(INCLDIR)/elm_curses.h
returnadd.o : returnadd.c $(INCLDIR)/elm_defs.h $(INCLDIR)/elm_globals.h \
	$(INCLDIR)/s_elm.h ../config.h $(INCLDIR)/elm_lib.h \
	$(INCLDIR)/mcprt.h $(INCLDIR)/nl_types.h $(INCLDIR)/parseaddrs.h \
	../sysdefs.h $(INCLDIR)/elm_curses.h
save.o : save.c $(INCLDIR)/elm_defs.h $(INCLDIR)/elm_globals.h \
	$(INCLDIR)/s_elm.h ../config.h $(INCLDIR)/elm_lib.h \
	$(INCLDIR)/mcprt.h $(INCLDIR)/nl_types.h $(INCLDIR)/parseaddrs.h \
	../sysdefs.h $(INCLDIR)/elm_curses.h
save_opts.o : save_opts.c $(INCLDIR)/elm_defs.h $(INCLDIR)/elm_globals.h \
	$(INCLDIR)/s_elmrc.h $(INCLDIR)/save_opts.h ../config.h \
	$(INCLDIR)/elm_lib.h $(INCLDIR)/mcprt.h $(INCLDIR)/nl_types.h \
	$(INCLDIR)/parseaddrs.h ../sysdefs.h $(INCLDIR)/elm_curses.h
savecopy.o : savecopy.c $(INCLDIR)/elm_defs.h $(INCLDIR)/elm_globals.h \
	$(INCLDIR)/s_elm.h $(INCLDIR)/sndhdrs.h ../config.h \
	$(INCLDIR)/elm_lib.h $(INCLDIR)/mcprt.h $(INCLDIR)/nl_types.h \
	$(INCLDIR)/parseaddrs.h ../sysdefs.h $(INCLDIR)/elm_curses.h
screen.o : screen.c $(INCLDIR)/elm_defs.h $(INCLDIR)/elm_globals.h \
	$(INCLDIR)/s_elm.h ../config.h $(INCLDIR)/elm_lib.h \
	$(INCLDIR)/mcprt.h $(INCLDIR)/nl_types.h $(INCLDIR)/parseaddrs.h \
	../sysdefs.h $(INCLDIR)/elm_curses.h
showmsg.o : showmsg.c $(INCLDIR)/elm_defs.h $(INCLDIR)/elm_globals.h \
	$(INCLDIR)/port_wait.h $(INCLDIR)/s_elm.h ../config.h \
	$(INCLDIR)/elm_lib.h $(INCLDIR)/mcprt.h $(INCLDIR)/nl_types.h \
	$(INCLDIR)/parseaddrs.h ../sysdefs.h $(INCLDIR)/elm_curses.h
showmsg_c.o : showmsg_c.c $(INCLDIR)/elm_defs.h $(INCLDIR)/elm_globals.h \
	$(INCLDIR)/s_elm.h ../config.h $(INCLDIR)/elm_lib.h \
	$(INCLDIR)/mcprt.h $(INCLDIR)/nl_types.h $(INCLDIR)/parseaddrs.h \
	../sysdefs.h $(INCLDIR)/elm_curses.h
signals.o : signals.c $(INCLDIR)/elm_defs.h $(INCLDIR)/elm_globals.h \
	$(INCLDIR)/s_elm.h ../config.h $(INCLDIR)/elm_lib.h \
	$(INCLDIR)/mcprt.h $(INCLDIR)/nl_types.h $(INCLDIR)/parseaddrs.h \
	../sysdefs.h $(INCLDIR)/elm_curses.h
sndattach.o : sndattach.c $(INCLDIR)/elm_defs.h $(INCLDIR)/elm_globals.h \
	$(INCLDIR)/s_attach.h $(INCLDIR)/sndparts.h ../config.h \
	$(INCLDIR)/elm_lib.h $(INCLDIR)/mcprt.h $(INCLDIR)/nl_types.h \
	$(INCLDIR)/parseaddrs.h ../sysdefs.h $(INCLDIR)/elm_curses.h
sndhdrs.o : sndhdrs.c $(INCLDIR)/elm_defs.h $(INCLDIR)/elm_globals.h \
	$(INCLDIR)/mime.h $(INCLDIR)/s_elm.h $(INCLDIR)/sndhdrs.h ../config.h \
	$(INCLDIR)/elm_lib.h $(INCLDIR)/mcprt.h $(INCLDIR)/nl_types.h \
	$(INCLDIR)/parseaddrs.h ../sysdefs.h $(INCLDIR)/elm_curses.h
sndmsg.o : sndmsg.c $(INCLDIR)/elm_defs.h $(INCLDIR)/elm_globals.h \
	$(INCLDIR)/mime.h $(INCLDIR)/s_elm.h $(INCLDIR)/sndhdrs.h \
	$(INCLDIR)/sndparts.h ../config.h $(INCLDIR)/elm_lib.h \
	$(INCLDIR)/mcprt.h $(INCLDIR)/nl_types.h $(INCLDIR)/parseaddrs.h \
	../sysdefs.h $(INCLDIR)/elm_curses.h
sndpart_io.o : sndpart_io.c $(INCLDIR)/elm_defs.h $(INCLDIR)/elm_globals.h \
	$(INCLDIR)/mime.h $(INCLDIR)/s_elm.h $(INCLDIR)/sndparts.h \
	../config.h $(INCLDIR)/elm_lib.h $(INCLDIR)/mcprt.h \
	$(INCLDIR)/nl_types.h $(INCLDIR)/parseaddrs.h ../sysdefs.h \
	$(INCLDIR)/elm_curses.h
sndpart_lib.o : sndpart_lib.c $(INCLDIR)/elm_defs.h $(INCLDIR)/elm_globals.h \
	$(INCLDIR)/mime.h $(INCLDIR)/s_elm.h $(INCLDIR)/sndparts.h \
	../config.h $(INCLDIR)/elm_lib.h $(INCLDIR)/mcprt.h \
	$(INCLDIR)/nl_types.h $(INCLDIR)/parseaddrs.h ../sysdefs.h \
	$(INCLDIR)/elm_curses.h
softkeys.o : softkeys.c $(INCLDIR)/elm_defs.h $(INCLDIR)/elm_globals.h \
	$(INCLDIR)/s_elm.h ../config.h $(INCLDIR)/elm_lib.h \
	$(INCLDIR)/mcprt.h $(INCLDIR)/nl_types.h $(INCLDIR)/parseaddrs.h \
	../sysdefs.h $(INCLDIR)/elm_curses.h
sort.o : sort.c $(INCLDIR)/elm_defs.h $(INCLDIR)/elm_globals.h \
	$(INCLDIR)/s_elm.h ../config.h $(INCLDIR)/elm_lib.h \
	$(INCLDIR)/mcprt.h $(INCLDIR)/nl_types.h $(INCLDIR)/parseaddrs.h \
	../sysdefs.h $(INCLDIR)/elm_curses.h
string2.o : string2.c $(INCLDIR)/elm_defs.h $(INCLDIR)/elm_globals.h \
	../config.h $(INCLDIR)/elm_lib.h $(INCLDIR)/mcprt.h \
	$(INCLDIR)/nl_types.h $(INCLDIR)/parseaddrs.h ../sysdefs.h \
	$(INCLDIR)/elm_curses.h
strings.o : strings.c $(INCLDIR)/elm_defs.h $(INCLDIR)/elm_globals.h \
	$(INCLDIR)/s_elm.h ../config.h $(INCLDIR)/elm_lib.h \
	$(INCLDIR)/mcprt.h $(INCLDIR)/nl_types.h $(INCLDIR)/parseaddrs.h \
	../sysdefs.h $(INCLDIR)/elm_curses.h
syscall.o : syscall.c $(INCLDIR)/elm_defs.h $(INCLDIR)/elm_globals.h \
	$(INCLDIR)/port_wait.h $(INCLDIR)/s_elm.h ../config.h \
	$(INCLDIR)/elm_lib.h $(INCLDIR)/mcprt.h $(INCLDIR)/nl_types.h \
	$(INCLDIR)/parseaddrs.h ../sysdefs.h $(INCLDIR)/elm_curses.h
utils.o : utils.c $(INCLDIR)/elm_defs.h $(INCLDIR)/elm_globals.h \
	$(INCLDIR)/s_elm.h ../config.h $(INCLDIR)/elm_lib.h \
	$(INCLDIR)/mcprt.h $(INCLDIR)/nl_types.h $(INCLDIR)/parseaddrs.h \
	../sysdefs.h $(INCLDIR)/elm_curses.h
wordwrap.o : wordwrap.c $(INCLDIR)/elm_defs.h $(INCLDIR)/elm_globals.h \
	../config.h $(INCLDIR)/elm_lib.h $(INCLDIR)/mcprt.h \
	$(INCLDIR)/nl_types.h $(INCLDIR)/parseaddrs.h ../sysdefs.h \
	$(INCLDIR)/elm_curses.h
